This is pdfTeX, Version 3.14159265-2.6-1.40.21 (MiKTeX 2.9.7380 64-bit) (preloaded format=pdflatex 2020.4.6)  8 APR 2020 13:00
entering extended mode
**"c:/Users/Bodleum/Documents/Git Repository/Projects/LaTeX/MT1003 Help Sheet/Applied/MT1003 Applied Help Sheet.tex"
("c:/Users/Bodleum/Documents/Git Repository/Projects/LaTeX/MT1003 Help Sheet/Applied/MT1003 Applied Help Sheet.tex"
LaTeX2e <2020-02-02> patch level 5
L3 programming layer <2020-03-06> ("C:\Program Files\MiKTeX 2.9\tex/latex/base\article.cls"
Document Class: article 2019/12/20 v1.4l Standard LaTeX document class
("C:\Program Files\MiKTeX 2.9\tex/latex/base\size10.clo"
File: size10.clo 2019/12/20 v1.4l Standard LaTeX file (size option)
)
\c@part=\count167
\c@section=\count168
\c@subsection=\count169
\c@subsubsection=\count170
\c@paragraph=\count171
\c@subparagraph=\count172
\c@figure=\count173
\c@table=\count174
\abovecaptionskip=\skip47
\belowcaptionskip=\skip48
\bibindent=\dimen134
) ("C:\Program Files\MiKTeX 2.9\tex/latex/amsmath\amsmath.sty"
Package: amsmath 2020/01/20 v2.17e AMS math features
\@mathmargin=\skip49

For additional information on amsmath, use the `?' option.
("C:\Program Files\MiKTeX 2.9\tex/latex/amsmath\amstext.sty"
Package: amstext 2000/06/29 v2.01 AMS text
 ("C:\Program Files\MiKTeX 2.9\tex/latex/amsmath\amsgen.sty"
File: amsgen.sty 1999/11/30 v2.0 generic functions
\@emptytoks=\toks15
\ex@=\dimen135
)) ("C:\Program Files\MiKTeX 2.9\tex/latex/amsmath\amsbsy.sty"
Package: amsbsy 1999/11/29 v1.2d Bold Symbols
\pmbraise@=\dimen136
) ("C:\Program Files\MiKTeX 2.9\tex/latex/amsmath\amsopn.sty"
Package: amsopn 2016/03/08 v2.02 operator names
)
\inf@bad=\count175
LaTeX Info: Redefining \frac on input line 227.
\uproot@=\count176
\leftroot@=\count177
LaTeX Info: Redefining \overline on input line 389.
\classnum@=\count178
\DOTSCASE@=\count179
LaTeX Info: Redefining \ldots on input line 486.
LaTeX Info: Redefining \dots on input line 489.
LaTeX Info: Redefining \cdots on input line 610.
\Mathstrutbox@=\box45
\strutbox@=\box46
\big@size=\dimen137
LaTeX Font Info:    Redeclaring font encoding OML on input line 733.
LaTeX Font Info:    Redeclaring font encoding OMS on input line 734.
\macc@depth=\count180
\c@MaxMatrixCols=\count181
\dotsspace@=\muskip16
\c@parentequation=\count182
\dspbrk@lvl=\count183
\tag@help=\toks16
\row@=\count184
\column@=\count185
\maxfields@=\count186
\andhelp@=\toks17
\eqnshift@=\dimen138
\alignsep@=\dimen139
\tagshift@=\dimen140
\tagwidth@=\dimen141
\totwidth@=\dimen142
\lineht@=\dimen143
\@envbody=\toks18
\multlinegap=\skip50
\multlinetaggap=\skip51
\mathdisplay@stack=\toks19
LaTeX Info: Redefining \[ on input line 2859.
LaTeX Info: Redefining \] on input line 2860.
) ("C:\Program Files\MiKTeX 2.9\tex/latex/amsfonts\amssymb.sty"
Package: amssymb 2013/01/14 v3.01 AMS font symbols
 ("C:\Program Files\MiKTeX 2.9\tex/latex/amsfonts\amsfonts.sty"
Package: amsfonts 2013/01/14 v3.01 Basic AMSFonts support
\symAMSa=\mathgroup4
\symAMSb=\mathgroup5
LaTeX Font Info:    Redeclaring math symbol \hbar on input line 98.
LaTeX Font Info:    Overwriting math alphabet `\mathfrak' in version `bold'
(Font)                  U/euf/m/n --> U/euf/b/n on input line 106.
)) ("C:\Program Files\MiKTeX 2.9\tex/latex/tools\multicol.sty"
Package: multicol 2019/12/09 v1.8y multicolumn formatting (FMi)
\c@tracingmulticols=\count187
\mult@box=\box47
\multicol@leftmargin=\dimen144
\c@unbalance=\count188
\c@collectmore=\count189
\doublecol@number=\count190
\multicoltolerance=\count191
\multicolpretolerance=\count192
\full@width=\dimen145
\page@free=\dimen146
\premulticols=\dimen147
\postmulticols=\dimen148
\multicolsep=\skip52
\multicolbaselineskip=\skip53
\partial@page=\box48
\last@line=\box49
\maxbalancingoverflow=\dimen149
\mult@rightbox=\box50
\mult@grightbox=\box51
\mult@gfirstbox=\box52
\mult@firstbox=\box53
\@tempa=\box54
\@tempa=\box55
\@tempa=\box56
\@tempa=\box57
\@tempa=\box58
\@tempa=\box59
\@tempa=\box60
\@tempa=\box61
\@tempa=\box62
\@tempa=\box63
\@tempa=\box64
\@tempa=\box65
\@tempa=\box66
\@tempa=\box67
\@tempa=\box68
\@tempa=\box69
\@tempa=\box70
\@tempa=\box71
\@tempa=\box72
\@tempa=\box73
\@tempa=\box74
\@tempa=\box75
\@tempa=\box76
\@tempa=\box77
\@tempa=\box78
\@tempa=\box79
\@tempa=\box80
\@tempa=\box81
\@tempa=\box82
\@tempa=\box83
\@tempa=\box84
\@tempa=\box85
\@tempa=\box86
\@tempa=\box87
\@tempa=\box88
\@tempa=\box89
\@tempa=\box90
\c@minrows=\count193
\c@columnbadness=\count194
\c@finalcolumnbadness=\count195
\last@try=\dimen150
\multicolovershoot=\dimen151
\multicolundershoot=\dimen152
\mult@nat@firstbox=\box91
\colbreak@box=\box92
\mc@col@check@num=\count196
) ("C:\Program Files\MiKTeX 2.9\tex/latex/base\fontenc.sty"
Package: fontenc 2020/02/11 v2.0o Standard LaTeX package
) ("C:\Program Files\MiKTeX 2.9\tex/latex/geometry\geometry.sty"
Package: geometry 2020/01/02 v5.9 Page Geometry
 ("C:\Program Files\MiKTeX 2.9\tex/latex/graphics\keyval.sty"
Package: keyval 2014/10/28 v1.15 key=value parser (DPC)
\KV@toks@=\toks20
) ("C:\Program Files\MiKTeX 2.9\tex/generic/iftex\ifvtex.sty"
Package: ifvtex 2019/10/25 v1.7 ifvtex legacy package. Use iftex instead.
 ("C:\Program Files\MiKTeX 2.9\tex/generic/iftex\iftex.sty"
Package: iftex 2020/03/06 v1.0d TeX engine tests
))
\Gm@cnth=\count197
\Gm@cntv=\count198
\c@Gm@tempcnt=\count199
\Gm@bindingoffset=\dimen153
\Gm@wd@mp=\dimen154
\Gm@odd@mp=\dimen155
\Gm@even@mp=\dimen156
\Gm@layoutwidth=\dimen157
\Gm@layoutheight=\dimen158
\Gm@layouthoffset=\dimen159
\Gm@layoutvoffset=\dimen160
\Gm@dimlist=\toks21
 ("C:\Program Files\MiKTeX 2.9\tex/latex/geometry\geometry.cfg")) ("C:\Program Files\MiKTeX 2.9\tex/latex/xcolor\xcolor.sty"
Package: xcolor 2016/05/11 v2.12 LaTeX color extensions (UK)
 ("C:\Program Files\MiKTeX 2.9\tex/latex/graphics-cfg\color.cfg"
File: color.cfg 2016/01/02 v1.6 sample color configuration
)
Package xcolor Info: Driver file: pdftex.def on input line 225.
 ("C:\Program Files\MiKTeX 2.9\tex/latex/graphics-def\pdftex.def"
File: pdftex.def 2018/01/08 v1.0l Graphics/color driver for pdftex
)
Package xcolor Info: Model `cmy' substituted by `cmy0' on input line 1348.
Package xcolor Info: Model `hsb' substituted by `rgb' on input line 1352.
Package xcolor Info: Model `RGB' extended on input line 1364.
Package xcolor Info: Model `HTML' substituted by `rgb' on input line 1366.
Package xcolor Info: Model `Hsb' substituted by `hsb' on input line 1367.
Package xcolor Info: Model `tHsb' substituted by `hsb' on input line 1368.
Package xcolor Info: Model `HSB' substituted by `hsb' on input line 1369.
Package xcolor Info: Model `Gray' substituted by `gray' on input line 1370.
Package xcolor Info: Model `wave' substituted by `hsb' on input line 1371.
) ("C:\Program Files\MiKTeX 2.9\tex/latex/mdframed\mdframed.sty"
Package: mdframed 2013/07/01 1.9b: mdframed
 ("C:\Program Files\MiKTeX 2.9\tex/latex/kvoptions\kvoptions.sty"
Package: kvoptions 2019/11/29 v3.13 Key value format for package options (HO)
 ("C:\Program Files\MiKTeX 2.9\tex/generic/ltxcmds\ltxcmds.sty"
Package: ltxcmds 2019/12/15 v1.24 LaTeX kernel commands for general use (HO)
) ("C:\Program Files\MiKTeX 2.9\tex/generic/kvsetkeys\kvsetkeys.sty"
Package: kvsetkeys 2019/12/15 v1.18 Key value parser (HO)
)) ("C:\Program Files\MiKTeX 2.9\tex/latex/l3packages/xparse\xparse.sty" ("C:\Program Files\MiKTeX 2.9\tex/latex/l3kernel\expl3.sty"
Package: expl3 2020-03-06 L3 programming layer (loader) 
 ("C:\Program Files\MiKTeX 2.9\tex/latex/l3backend\l3backend-pdfmode.def"
File: l3backend-pdfmode.def 2020-03-12 L3 backend support: PDF mode
\l__kernel_color_stack_int=\count266
\l__pdf_internal_box=\box93
))
Package: xparse 2020-03-06 L3 Experimental document command parser
\l__xparse_current_arg_int=\count267
\g__xparse_grabber_int=\count268
\l__xparse_m_args_int=\count269
\l__xparse_v_nesting_int=\count270
) ("C:\Program Files\MiKTeX 2.9\tex/latex/etoolbox\etoolbox.sty"
Package: etoolbox 2019/09/21 v2.5h e-TeX tools for LaTeX (JAW)
\etb@tempcnta=\count271
) ("C:\Program Files\MiKTeX 2.9\tex/latex/zref\zref-abspage.sty"
Package: zref-abspage 2020-03-03 v2.29 Module abspage for zref (HO)
 ("C:\Program Files\MiKTeX 2.9\tex/latex/zref\zref-base.sty"
Package: zref-base 2020-03-03 v2.29 Module base for zref (HO)
 ("C:\Program Files\MiKTeX 2.9\tex/generic/infwarerr\infwarerr.sty"
Package: infwarerr 2019/12/03 v1.5 Providing info/warning/error messages (HO)
) ("C:\Program Files\MiKTeX 2.9\tex/generic/kvdefinekeys\kvdefinekeys.sty"
Package: kvdefinekeys 2019-12-19 v1.6 Define keys (HO)
) ("C:\Program Files\MiKTeX 2.9\tex/latex/pdftexcmds\pdftexcmds.sty"
Package: pdftexcmds 2019/11/24 v0.31 Utility functions of pdfTeX for LuaTeX (HO)
Package pdftexcmds Info: \pdf@primitive is available.
Package pdftexcmds Info: \pdf@ifprimitive is available.
Package pdftexcmds Info: \pdfdraftmode found.
) ("C:\Program Files\MiKTeX 2.9\tex/generic/etexcmds\etexcmds.sty"
Package: etexcmds 2019/12/15 v1.7 Avoid name clashes with e-TeX commands (HO)
) ("C:\Program Files\MiKTeX 2.9\tex/latex/auxhook\auxhook.sty"
Package: auxhook 2019-12-17 v1.6 Hooks for auxiliary files (HO)
)
Package zref Info: New property list: main on input line 763.
Package zref Info: New property: default on input line 764.
Package zref Info: New property: page on input line 765.
) ("C:\Program Files\MiKTeX 2.9\tex/generic/atbegshi\atbegshi.sty"
Package: atbegshi 2019/12/05 v1.19 At begin shipout hook (HO)
)
\c@abspage=\count272
Package zref Info: New property: abspage on input line 66.
) ("C:\Program Files\MiKTeX 2.9\tex/latex/needspace\needspace.sty"
Package: needspace 2010/09/12 v1.3d reserve vertical space
)
\mdf@templength=\skip54
\c@mdf@globalstyle@cnt=\count273
\mdf@skipabove@length=\skip55
\mdf@skipbelow@length=\skip56
\mdf@leftmargin@length=\skip57
\mdf@rightmargin@length=\skip58
\mdf@innerleftmargin@length=\skip59
\mdf@innerrightmargin@length=\skip60
\mdf@innertopmargin@length=\skip61
\mdf@innerbottommargin@length=\skip62
\mdf@splittopskip@length=\skip63
\mdf@splitbottomskip@length=\skip64
\mdf@outermargin@length=\skip65
\mdf@innermargin@length=\skip66
\mdf@linewidth@length=\skip67
\mdf@innerlinewidth@length=\skip68
\mdf@middlelinewidth@length=\skip69
\mdf@outerlinewidth@length=\skip70
\mdf@roundcorner@length=\skip71
\mdf@footenotedistance@length=\skip72
\mdf@userdefinedwidth@length=\skip73
\mdf@needspace@length=\skip74
\mdf@frametitleaboveskip@length=\skip75
\mdf@frametitlebelowskip@length=\skip76
\mdf@frametitlerulewidth@length=\skip77
\mdf@frametitleleftmargin@length=\skip78
\mdf@frametitlerightmargin@length=\skip79
\mdf@shadowsize@length=\skip80
\mdf@extratopheight@length=\skip81
\mdf@subtitleabovelinewidth@length=\skip82
\mdf@subtitlebelowlinewidth@length=\skip83
\mdf@subtitleaboveskip@length=\skip84
\mdf@subtitlebelowskip@length=\skip85
\mdf@subtitleinneraboveskip@length=\skip86
\mdf@subtitleinnerbelowskip@length=\skip87
\mdf@subsubtitleabovelinewidth@length=\skip88
\mdf@subsubtitlebelowlinewidth@length=\skip89
\mdf@subsubtitleaboveskip@length=\skip90
\mdf@subsubtitlebelowskip@length=\skip91
\mdf@subsubtitleinneraboveskip@length=\skip92
\mdf@subsubtitleinnerbelowskip@length=\skip93
 ("C:\Program Files\MiKTeX 2.9\tex/latex/mdframed\md-frame-0.mdf"
File: md-frame-0.mdf 2013/07/01\ 1.9b: md-frame-0
)
\mdf@frametitlebox=\box94
\mdf@footnotebox=\box95
\mdf@splitbox@one=\box96
\mdf@splitbox@two=\box97
\mdf@splitbox@save=\box98
\mdfsplitboxwidth=\skip94
\mdfsplitboxtotalwidth=\skip95
\mdfsplitboxheight=\skip96
\mdfsplitboxdepth=\skip97
\mdfsplitboxtotalheight=\skip98
\mdfframetitleboxwidth=\skip99
\mdfframetitleboxtotalwidth=\skip100
\mdfframetitleboxheight=\skip101
\mdfframetitleboxdepth=\skip102
\mdfframetitleboxtotalheight=\skip103
\mdffootnoteboxwidth=\skip104
\mdffootnoteboxtotalwidth=\skip105
\mdffootnoteboxheight=\skip106
\mdffootnoteboxdepth=\skip107
\mdffootnoteboxtotalheight=\skip108
\mdftotallinewidth=\skip109
\mdfboundingboxwidth=\skip110
\mdfboundingboxtotalwidth=\skip111
\mdfboundingboxheight=\skip112
\mdfboundingboxdepth=\skip113
\mdfboundingboxtotalheight=\skip114
\mdf@freevspace@length=\skip115
\mdf@horizontalwidthofbox@length=\skip116
\mdf@verticalmarginwhole@length=\skip117
\mdf@horizontalspaceofbox=\skip118
\mdfsubtitleheight=\skip119
\mdfsubsubtitleheight=\skip120
\c@mdfcountframes=\count274

****** mdframed patching \endmdf@trivlist

****** -- success******

\mdf@envdepth=\count275
\c@mdf@env@i=\count276
\c@mdf@env@ii=\count277
\c@mdf@zref@counter=\count278
Package zref Info: New property: mdf@pagevalue on input line 895.
) ("C:\Program Files\MiKTeX 2.9\tex/latex/hyphenat\hyphenat.sty"
Package: hyphenat 2009/09/02 v2.3c hyphenation utilities
\langwohyphens=\language78
LaTeX Info: Redefining \_ on input line 43.
) ("C:\Program Files\MiKTeX 2.9\tex/generic/genmisc\nth.sty"
Package: nth 2002/02/27
) ("C:\Program Files\MiKTeX 2.9\tex/latex/bold-extra\bold-extra.sty"
Package: bold-extra 2001/11/13 v0.1 Use fonts from cm/mf-extra/bold
) ("MT1003 Applied Help Sheet.aux")
\openout1 = `"MT1003 Applied Help Sheet.aux"'.

LaTeX Font Info:    Checking defaults for OML/cmm/m/it on input line 53.
LaTeX Font Info:    ... okay on input line 53.
LaTeX Font Info:    Checking defaults for OMS/cmsy/m/n on input line 53.
LaTeX Font Info:    ... okay on input line 53.
LaTeX Font Info:    Checking defaults for OT1/cmr/m/n on input line 53.
LaTeX Font Info:    ... okay on input line 53.
LaTeX Font Info:    Checking defaults for T1/cmr/m/n on input line 53.
LaTeX Font Info:    ... okay on input line 53.
LaTeX Font Info:    Checking defaults for TS1/cmr/m/n on input line 53.
LaTeX Font Info:    ... okay on input line 53.
LaTeX Font Info:    Checking defaults for OMX/cmex/m/n on input line 53.
LaTeX Font Info:    ... okay on input line 53.
LaTeX Font Info:    Checking defaults for U/cmr/m/n on input line 53.
LaTeX Font Info:    ... okay on input line 53.

*geometry* driver: auto-detecting
*geometry* detected driver: pdftex
*geometry* verbose mode - [ preamble ] result:
* driver: pdftex
* paper: a4paper
* layout: <same size as paper>
* layoutoffset:(h,v)=(0.0pt,0.0pt)
* modes: 
* h-part:(L,W,R)=(28.45274pt, 540.60239pt, 28.45274pt)
* v-part:(T,H,B)=(28.45274pt, 788.14136pt, 28.45274pt)
* \paperwidth=597.50787pt
* \paperheight=845.04684pt
* \textwidth=540.60239pt
* \textheight=788.14136pt
* \oddsidemargin=-43.81725pt
* \evensidemargin=-43.81725pt
* \topmargin=-80.81725pt
* \headheight=12.0pt
* \headsep=25.0pt
* \topskip=10.0pt
* \footskip=30.0pt
* \marginparwidth=57.0pt
* \marginparsep=11.0pt
* \columnsep=10.0pt
* \skip\footins=9.0pt plus 4.0pt minus 2.0pt
* \hoffset=0.0pt
* \voffset=0.0pt
* \mag=1000
* \@twocolumnfalse
* \@twosidefalse
* \@mparswitchfalse
* \@reversemarginfalse
* (1in=72.27pt=25.4mm, 1cm=28.453pt)

("C:\Program Files\MiKTeX 2.9\tex/context/base/mkii\supp-pdf.mkii"
[Loading MPS to PDF converter (version 2006.09.02).]
\scratchcounter=\count279
\scratchdimen=\dimen161
\scratchbox=\box99
\nofMPsegments=\count280
\nofMParguments=\count281
\everyMPshowfont=\toks22
\MPscratchCnt=\count282
\MPscratchDim=\dimen162
\MPnumerator=\count283
\makeMPintoPDFobject=\count284
\everyMPtoPDFconversion=\toks23
)
\AtBeginShipoutBox=\box100
Package mdframed Info: Not enough space on this page on input line 54.

Underfull \hbox (badness 10000) in paragraph at lines 55--56

 []

LaTeX Font Info:    Trying to load font information for U+msa on input line 56.
("C:\Program Files\MiKTeX 2.9\tex/latex/amsfonts\umsa.fd"
File: umsa.fd 2013/01/14 v3.01 AMS symbols A
)
LaTeX Font Info:    Trying to load font information for U+msb on input line 56.
 ("C:\Program Files\MiKTeX 2.9\tex/latex/amsfonts\umsb.fd"
File: umsb.fd 2013/01/14 v3.01 AMS symbols B
) [1

{C:/Users/Bodleum/AppData/Local/MiKTeX/2.9/pdftex/config/pdftex.map}] ("MT1003 Applied Help Sheet.aux") ) 
Here is how much of TeX's memory you used:
 5379 strings out of 480931
 82555 string characters out of 2909576
 349212 words of memory out of 3000000
 21162 multiletter control sequences out of 15000+200000
 540806 words of font info for 57 fonts, out of 3000000 for 9000
 1141 hyphenation exceptions out of 8191
 44i,5n,40p,940b,329s stack positions out of 5000i,500n,10000p,200000b,50000s
<C:/Program Files/MiKTeX 2.9/fonts/type1/public/amsfonts/cm/cmbx10.pfb><C:/Program Files/MiKTeX 2.9/fonts/type1/public/amsfonts/cm/cmbx12.pfb><C:/Program Files/MiKTeX 2.9/fonts/type1/public/amsfonts/cm/cmbx8.pfb><C:/Program Files/MiKTeX 2.9/fonts/type1/public/amsfonts/cm/cmcsc10.pfb><C:/Program Files/MiKTeX 2.9/fonts/type1/public/amsfonts/cm/cmmi10.pfb><C:/Program Files/MiKTeX 2.9/fonts/type1/public/amsfonts/cm/cmmi12.pfb><C:/Program Files/MiKTeX 2.9/fonts/type1/public/amsfonts/cm/cmmi7.pfb><C:/Program Files/MiKTeX 2.9/fonts/type1/public/amsfonts/cm/cmr10.pfb><C:/Program Files/MiKTeX 2.9/fonts/type1/public/amsfonts/cm/cmr12.pfb><C:/Program Files/MiKTeX 2.9/fonts/type1/public/amsfonts/cm/cmr7.pfb><C:/Program Files/MiKTeX 2.9/fonts/type1/public/amsfonts/cm/cmsy10.pfb><C:/Program Files/MiKTeX 2.9/fonts/type1/public/amsfonts/cm/cmsy7.pfb><C:/Program Files/MiKTeX 2.9/fonts/type1/public/amsfonts/symbols/msbm10.pfb>
Output written on "MT1003 Applied Help Sheet.pdf" (1 page, 123863 bytes).
PDF statistics:
 58 PDF objects out of 1000 (max. 8388607)
 0 named destinations out of 1000 (max. 500000)
 1 words of extra memory for PDF output out of 10000 (max. 10000000)

